<?xml version="1.0" encoding="UTF-8"?>
<testng-results skipped="0" failed="0" ignored="0" total="1" passed="1">
  <reporter-output>
  </reporter-output>
  <suite name="TestCases" duration-ms="653761" started-at="2020-06-22T07:33:19 IST" finished-at="2020-06-22T07:44:13 IST">
    <groups>
    </groups>
    <test name="Gojek_Automation_Assignment" duration-ms="653761" started-at="2020-06-22T07:33:19 IST" finished-at="2020-06-22T07:44:13 IST">
      <class name="com.gojek.testcases.ComparatorTest">
        <test-method status="PASS" signature="setup()[pri:0, instance:com.gojek.testcases.ComparatorTest@4678c730]" name="setup" is-config="true" duration-ms="8532" started-at="2020-06-22T07:33:19 IST" finished-at="2020-06-22T07:33:28 IST">
          <reporter-output>
          </reporter-output>
        </test-method> <!-- setup -->
        <test-method status="PASS" signature="objectandNumericTest()[pri:0, instance:com.gojek.testcases.ComparatorTest@4678c730]" name="objectandNumericTest" duration-ms="645142" started-at="2020-06-22T07:33:28 IST" finished-at="2020-06-22T07:44:13 IST">
          <reporter-output>
          </reporter-output>
        </test-method> <!-- objectandNumericTest -->
      </class> <!-- com.gojek.testcases.ComparatorTest -->
    </test> <!-- Gojek_Automation_Assignment -->
  </suite> <!-- TestCases -->
</testng-results>
