<?xml version="1.0" encoding="UTF-8"?>
<!-- Generated by org.testng.reporters.JUnitXMLReporter -->
<testsuite hostname="C02Z1C90LVCF" ignored="0" name="Fisdom_Automation_Assignment" tests="13" failures="0" timestamp="2020-05-10T16:09:45 IST" time="16.778" errors="0">
  <testcase name="categoriesTest" time="2.317" classname="com.gojek.testcases.ComparatorTest"/>
  <testcase name="citiesTest" time="0.96" classname="com.gojek.testcases.ComparatorTest"/>
  <testcase name="collectionTest" time="0.538" classname="com.gojek.testcases.ComparatorTest"/>
  <testcase name="cuisinesTest" time="0.995" classname="com.gojek.testcases.ComparatorTest"/>
  <testcase name="establishmentsTest" time="1.923" classname="com.gojek.testcases.ComparatorTest"/>
  <testcase name="geocodeTest" time="1.252" classname="com.gojek.testcases.ComparatorTest"/>
  <testcase name="locationTest" time="1.514" classname="com.gojek.testcases.Location"/>
  <testcase name="searchTest1" time="1.76" classname="com.gojek.testcases.Restaurant"/>
  <testcase name="searchTest2" time="1.061" classname="com.gojek.testcases.Restaurant"/>
  <testcase name="searchTest3" time="0.994" classname="com.gojek.testcases.Restaurant"/>
  <testcase name="searchTest4" time="1.136" classname="com.gojek.testcases.Restaurant"/>
  <testcase name="searchTest5" time="0.644" classname="com.gojek.testcases.Restaurant"/>
  <testcase name="searchTest6" time="0.963" classname="com.gojek.testcases.Restaurant"/>
</testsuite> <!-- Fisdom_Automation_Assignment -->
